2025-11-11 07:18:44.6028342 | --- Organizer v2.0 Started ---
2025-11-11 07:18:44.6178220 | Executable directory: C:\Users\ASUS\Documents\Dhimas\Project\folder-organizer\build\Debug
2025-11-11 07:18:44.6183280 | Current working directory: C:\Users\ASUS\Documents\Dhimas\Project\folder-organizer
2025-11-11 07:18:44.6187001 | Trying config path: C:\Users\ASUS\Documents\Dhimas\Project\folder-organizer\build\Debug\config.json
2025-11-11 07:18:44.6194342 | Found config.json at: C:\Users\ASUS\Documents\Dhimas\Project\folder-organizer\build\Debug\config.json
2025-11-11 07:18:44.6254550 | Configuration loaded successfully from: C:\Users\ASUS\Documents\Dhimas\Project\folder-organizer\build\Debug\config.json
2025-11-11 07:18:44.6706534 | Target directory: C:\Users\ASUS\Downloads
2025-11-11 07:18:44.6719939 | Initializing UI...
2025-11-11 07:18:44.6830029 | Initializing UI components...
2025-11-11 07:18:44.6861944 | Starting UI event loop...
2025-11-11 07:18:47.7852201 | Starting scan...
2025-11-11 07:18:47.7857634 | Scanning directory for items to process...
2025-11-11 07:18:47.7871293 | Found 14 items. Analyzing in parallel...
2025-11-11 07:28:31.1180027 | --- Organizer v2.0 Started ---
2025-11-11 07:28:31.1212612 | Executable directory: C:\Users\ASUS\Documents\Dhimas\Project\folder-organizer\build\Debug
2025-11-11 07:28:31.1215465 | Current working directory: C:\Users\ASUS\Documents\Dhimas\Project\folder-organizer
2025-11-11 07:28:31.1218953 | Trying config path: C:\Users\ASUS\Documents\Dhimas\Project\folder-organizer\build\Debug\config.json
2025-11-11 07:28:31.1222801 | Found config.json at: C:\Users\ASUS\Documents\Dhimas\Project\folder-organizer\build\Debug\config.json
2025-11-11 07:28:31.1274595 | Configuration loaded successfully from: C:\Users\ASUS\Documents\Dhimas\Project\folder-organizer\build\Debug\config.json
2025-11-11 07:28:31.1589993 | Target directory: C:\Users\ASUS\Downloads
2025-11-11 07:28:31.1594711 | Initializing UI...
2025-11-11 07:28:31.1751076 | Initializing UI components...
2025-11-11 07:28:31.1763371 | Starting UI event loop...
2025-11-11 07:28:34.8052733 | Starting scan...
2025-11-11 07:28:34.8058719 | Scanning directory for items to process...
2025-11-11 07:28:34.8068905 | Found 14 items. Analyzing in parallel...
2025-11-11 07:34:21.2280996 | --- Organizer v2.0 Started ---
2025-11-11 07:34:21.2321234 | Executable directory: C:\Users\ASUS\Documents\Dhimas\Project\folder-organizer\build\Debug
2025-11-11 07:34:21.2324624 | Current working directory: C:\Users\ASUS\Documents\Dhimas\Project\folder-organizer
2025-11-11 07:34:21.2327954 | Trying config path: C:\Users\ASUS\Documents\Dhimas\Project\folder-organizer\build\Debug\config.json
2025-11-11 07:34:21.2332196 | Found config.json at: C:\Users\ASUS\Documents\Dhimas\Project\folder-organizer\build\Debug\config.json
2025-11-11 07:34:21.2451248 | Configuration loaded successfully from: C:\Users\ASUS\Documents\Dhimas\Project\folder-organizer\build\Debug\config.json
2025-11-11 07:34:21.2973885 | Target directory: C:\Users\ASUS\Downloads
2025-11-11 07:34:21.2980870 | Initializing UI...
2025-11-11 07:34:21.3101227 | Initializing UI components...
2025-11-11 07:34:21.3124572 | Starting UI event loop...
2025-11-11 07:41:45.5897907 | --- Organizer v2.0 Started ---
2025-11-11 07:41:45.5921871 | Executable directory: C:\Users\ASUS\Documents\Dhimas\Project\folder-organizer\build\Debug
2025-11-11 07:41:45.5924922 | Current working directory: C:\Users\ASUS\Documents\Dhimas\Project\folder-organizer
2025-11-11 07:41:45.5928252 | Trying config path: C:\Users\ASUS\Documents\Dhimas\Project\folder-organizer\build\Debug\config.json
2025-11-11 07:41:45.5932132 | Found config.json at: C:\Users\ASUS\Documents\Dhimas\Project\folder-organizer\build\Debug\config.json
2025-11-11 07:41:45.5977887 | Configuration loaded successfully from: C:\Users\ASUS\Documents\Dhimas\Project\folder-organizer\build\Debug\config.json
2025-11-11 07:41:45.6305356 | Target directory: C:\Users\ASUS\Downloads
2025-11-11 07:41:45.6310434 | Initializing UI...
2025-11-11 07:41:45.6512406 | Initializing UI components...
2025-11-11 07:41:45.6528072 | Starting UI event loop...
2025-11-11 07:41:49.7160755 | Starting scan...
2025-11-11 07:41:49.7168669 | Scanning directory for items to process...
2025-11-11 07:41:49.7186218 | Found 14 items. Analyzing in parallel...
2025-11-11 07:43:13.9739715 | --- Organizer v2.0 Started ---
2025-11-11 07:43:13.9768251 | Executable directory: C:\Users\ASUS\Documents\Dhimas\Project\folder-organizer\build\Debug
2025-11-11 07:43:13.9772090 | Current working directory: C:\Users\ASUS\Documents\Dhimas\Project\folder-organizer
2025-11-11 07:43:13.9775090 | Trying config path: C:\Users\ASUS\Documents\Dhimas\Project\folder-organizer\build\Debug\config.json
2025-11-11 07:43:13.9780253 | Found config.json at: C:\Users\ASUS\Documents\Dhimas\Project\folder-organizer\build\Debug\config.json
2025-11-11 07:43:13.9829680 | Configuration loaded successfully from: C:\Users\ASUS\Documents\Dhimas\Project\folder-organizer\build\Debug\config.json
2025-11-11 07:43:14.0065233 | Target directory: C:\Users\ASUS\Downloads
2025-11-11 07:43:14.0069603 | Initializing UI...
2025-11-11 07:43:14.0134237 | Initializing UI components...
2025-11-11 07:43:14.0143462 | Starting UI event loop...
2025-11-11 07:43:15.6338457 | Starting scan...
2025-11-11 07:43:15.6343637 | Scanning directory for items to process...
2025-11-11 07:43:15.6351795 | Found 14 items. Analyzing in parallel...
2025-11-11 07:43:32.9702586 | --- Organizer v2.0 Started ---
2025-11-11 07:43:32.9719727 | Executable directory: C:\Users\ASUS\Documents\Dhimas\Project\folder-organizer\build\Debug
2025-11-11 07:43:32.9723157 | Current working directory: C:\Users\ASUS\Documents\Dhimas\Project\folder-organizer
2025-11-11 07:43:32.9726192 | Trying config path: C:\Users\ASUS\Documents\Dhimas\Project\folder-organizer\build\Debug\config.json
2025-11-11 07:43:32.9731385 | Found config.json at: C:\Users\ASUS\Documents\Dhimas\Project\folder-organizer\build\Debug\config.json
2025-11-11 07:43:32.9780539 | Configuration loaded successfully from: C:\Users\ASUS\Documents\Dhimas\Project\folder-organizer\build\Debug\config.json
2025-11-11 07:43:33.1773921 | Target directory: C:\Users\ASUS\Downloads
2025-11-11 07:43:33.1778251 | Initializing UI...
2025-11-11 07:43:33.2364449 | Initializing UI components...
2025-11-11 07:43:33.2373094 | Starting UI event loop...
2025-11-11 07:43:48.2986583 | --- Organizer v2.0 Started ---
2025-11-11 07:43:48.3012183 | Executable directory: C:\Users\ASUS\Documents\Dhimas\Project\folder-organizer\build\Debug
2025-11-11 07:43:48.3015918 | Current working directory: C:\Users\ASUS\Documents\Dhimas\Project\folder-organizer
2025-11-11 07:43:48.3018898 | Trying config path: C:\Users\ASUS\Documents\Dhimas\Project\folder-organizer\build\Debug\config.json
2025-11-11 07:43:48.3027675 | Found config.json at: C:\Users\ASUS\Documents\Dhimas\Project\folder-organizer\build\Debug\config.json
2025-11-11 07:43:48.3094491 | Configuration loaded successfully from: C:\Users\ASUS\Documents\Dhimas\Project\folder-organizer\build\Debug\config.json
2025-11-11 07:43:48.3334810 | Target directory: C:\Users\ASUS\Downloads
2025-11-11 07:43:48.3339291 | Initializing UI...
2025-11-11 07:43:48.3402432 | Initializing UI components...
2025-11-11 07:43:48.3411377 | Starting UI event loop...
2025-11-11 07:43:49.8688588 | Starting scan...
2025-11-11 07:43:49.8693841 | Scanning directory for items to process...
2025-11-11 07:43:49.8703277 | Found 14 items. Analyzing in parallel...
2025-11-11 07:51:34.3068236 | --- Organizer v2.0 Started ---
2025-11-11 07:51:34.3161851 | Executable directory: C:\Users\ASUS\Documents\Dhimas\Project\folder-organizer\build\Debug
2025-11-11 07:51:34.3174146 | Current working directory: C:\Users\ASUS\Documents\Dhimas\Project\folder-organizer
2025-11-11 07:51:34.3179160 | Trying config path: C:\Users\ASUS\Documents\Dhimas\Project\folder-organizer\build\Debug\config.json
2025-11-11 07:51:34.3188076 | Found config.json at: C:\Users\ASUS\Documents\Dhimas\Project\folder-organizer\build\Debug\config.json
2025-11-11 07:51:34.3252184 | Configuration loaded successfully from: C:\Users\ASUS\Documents\Dhimas\Project\folder-organizer\build\Debug\config.json
2025-11-11 07:51:34.3578255 | Target directory: C:\Users\ASUS\Downloads
2025-11-11 07:51:34.3583102 | Initializing UI...
2025-11-11 07:51:34.4312254 | Initializing UI components...
2025-11-11 07:51:34.4348646 | Starting UI event loop...
2025-11-11 07:51:37.1288053 | Starting scan...
2025-11-11 07:51:37.1297778 | Scanning directory for items to process...
2025-11-11 07:51:37.1313608 | Found 14 items. Analyzing in parallel...
2025-11-11 07:57:36.4381946 | --- Organizer v2.0 Started ---
2025-11-11 07:57:36.4428568 | Executable directory: C:\Users\ASUS\Documents\Dhimas\Project\folder-organizer\build\Debug
2025-11-11 07:57:36.4431554 | Current working directory: C:\Users\ASUS\Documents\Dhimas\Project\folder-organizer
2025-11-11 07:57:36.4435610 | Trying config path: C:\Users\ASUS\Documents\Dhimas\Project\folder-organizer\build\Debug\config.json
2025-11-11 07:57:36.4442482 | Found config.json at: C:\Users\ASUS\Documents\Dhimas\Project\folder-organizer\build\Debug\config.json
2025-11-11 07:57:36.4499367 | Configuration loaded successfully from: C:\Users\ASUS\Documents\Dhimas\Project\folder-organizer\build\Debug\config.json
2025-11-11 07:57:36.5000962 | Target directory: C:\Users\ASUS\Downloads
2025-11-11 07:57:36.5008517 | Initializing UI...
2025-11-11 07:57:36.5107599 | Initializing UI components...
2025-11-11 07:57:36.5129705 | Starting UI event loop...
2025-11-11 07:57:39.4434968 | Starting scan...
2025-11-11 07:57:39.4440847 | Scanning directory for items to process...
2025-11-11 07:57:39.4459319 | Found 14 items. Analyzing sequentially...
2025-11-11 08:04:36.1548475 | --- Organizer v2.0 Started ---
2025-11-11 08:04:36.1601770 | Executable directory: C:\Users\ASUS\Documents\Dhimas\Project\folder-organizer\build\Debug
2025-11-11 08:04:36.1604568 | Current working directory: C:\Users\ASUS\Documents\Dhimas\Project\folder-organizer
2025-11-11 08:04:36.1607633 | Trying config path: C:\Users\ASUS\Documents\Dhimas\Project\folder-organizer\build\Debug\config.json
2025-11-11 08:04:36.1614073 | Found config.json at: C:\Users\ASUS\Documents\Dhimas\Project\folder-organizer\build\Debug\config.json
2025-11-11 08:04:36.1702449 | Configuration loaded successfully from: C:\Users\ASUS\Documents\Dhimas\Project\folder-organizer\build\Debug\config.json
2025-11-11 08:04:36.2128673 | Target directory: C:\Users\ASUS\Downloads
2025-11-11 08:04:36.2133085 | Initializing UI...
2025-11-11 08:04:36.2229099 | Initializing UI components...
2025-11-11 08:04:36.2250904 | Starting UI event loop...
2025-11-11 08:04:39.1537085 | Starting scan...
2025-11-11 08:04:39.1542528 | Scanning directory for items to process...
2025-11-11 08:04:39.1558437 | Found 14 items. Analyzing sequentially...
2025-11-11 08:12:24.0987133 | --- Organizer v2.0 Started ---
2025-11-11 08:12:24.1007028 | Executable directory: C:\Users\ASUS\Documents\Dhimas\Project\folder-organizer\build\Debug
2025-11-11 08:12:24.1010263 | Current working directory: C:\Users\ASUS\Documents\Dhimas\Project\folder-organizer
2025-11-11 08:12:24.1013254 | Trying config path: C:\Users\ASUS\Documents\Dhimas\Project\folder-organizer\build\Debug\config.json
2025-11-11 08:12:24.1018085 | Found config.json at: C:\Users\ASUS\Documents\Dhimas\Project\folder-organizer\build\Debug\config.json
2025-11-11 08:12:24.1065484 | Configuration loaded successfully from: C:\Users\ASUS\Documents\Dhimas\Project\folder-organizer\build\Debug\config.json
2025-11-11 08:12:24.1280581 | Target directory: C:\Users\ASUS\Downloads
2025-11-11 08:12:24.1292158 | Initializing UI...
2025-11-11 08:12:24.1356527 | Initializing UI components...
2025-11-11 08:12:24.1365420 | Starting UI event loop...
2025-11-11 08:12:25.7917708 | Starting scan...
2025-11-11 08:12:25.7924343 | Scanning directory for items to process...
2025-11-11 08:12:25.7934152 | Found 14 items. Analyzing sequentially...
2025-11-11 08:12:25.8104948 | Warning: A critical low-level error occurred while processing 'C:\Users\ASUS\Downloads\PRTPRO90SP2'. Skipping.
2025-11-11 08:12:25.8111037 | Analysis complete. Found 7 actions.
2025-11-11 08:12:25.8114416 | Scan completed. Found 7 actions.
2025-11-11 08:12:25.8432819 | Updating UI with scan results...
2025-11-11 08:12:25.8441237 | UI updated successfully.
2025-11-11 08:13:41.2475314 | --- Organizer v2.0 Started ---
2025-11-11 08:13:41.2491533 | Executable directory: C:\Users\ASUS\Documents\Dhimas\Project\folder-organizer\build\Debug
2025-11-11 08:13:41.2494275 | Current working directory: C:\Users\ASUS\Documents\Dhimas\Project\folder-organizer
2025-11-11 08:13:41.2497194 | Trying config path: C:\Users\ASUS\Documents\Dhimas\Project\folder-organizer\build\Debug\config.json
2025-11-11 08:13:41.2501545 | Found config.json at: C:\Users\ASUS\Documents\Dhimas\Project\folder-organizer\build\Debug\config.json
2025-11-11 08:13:41.2577152 | Configuration loaded successfully from: C:\Users\ASUS\Documents\Dhimas\Project\folder-organizer\build\Debug\config.json
2025-11-11 08:13:41.3199033 | Target directory: C:\Users\ASUS\Downloads
2025-11-11 08:13:41.3203475 | Initializing UI...
2025-11-11 08:13:41.3474204 | Initializing UI components...
2025-11-11 08:13:41.3483062 | Starting UI event loop...
2025-11-11 08:13:43.6646005 | Starting scan...
2025-11-11 08:13:43.6651770 | Scanning directory for items to process...
2025-11-11 08:13:43.6660234 | Found 14 items. Analyzing sequentially...
2025-11-11 08:13:43.6780655 | Warning: A critical low-level error occurred while processing 'C:\Users\ASUS\Downloads\PRTPRO90SP2'. Skipping.
2025-11-11 08:13:43.6788357 | Analysis complete. Found 7 actions.
2025-11-11 08:13:43.6791806 | Scan completed. Found 7 actions.
2025-11-11 08:13:43.6942949 | Updating UI with scan results...
2025-11-11 08:13:43.6951423 | UI updated successfully.
2025-11-11 08:14:03.1398556 | Executing plan...
2025-11-11 08:14:03.1432547 | Moving 'C:\Users\ASUS\Downloads\Bab 6 AI Tugas 01 Simulasi Regresi Linier.pdf' -> 'C:\Users\ASUS\Downloads\Documents\Bab 6 AI Tugas 01 Simulasi Regresi Linier.pdf'
2025-11-11 08:14:03.1487920 | [DIR] Creating directory: 'C:\Users\ASUS\Downloads\Projects'
2025-11-11 08:14:03.1504673 | Moving 'C:\Users\ASUS\Downloads\bearssl-0.6' -> 'C:\Users\ASUS\Downloads\Projects\bearssl-0.6'
2025-11-11 08:14:03.1525674 | Moving 'C:\Users\ASUS\Downloads\ex1.pdf' -> 'C:\Users\ASUS\Downloads\Documents\ex1.pdf'
2025-11-11 08:14:03.1540423 | [DIR] Creating directory: 'C:\Users\ASUS\Downloads\Fonts'
2025-11-11 08:14:03.1551150 | Moving 'C:\Users\ASUS\Downloads\JetBrainsMono-2.304' -> 'C:\Users\ASUS\Downloads\Fonts\JetBrainsMono-2.304'
2025-11-11 08:14:03.1559225 | Moving 'C:\Users\ASUS\Downloads\Laporan_QPSK_Proteus_Dhimas.docx' -> 'C:\Users\ASUS\Downloads\Documents\Laporan_QPSK_Proteus_Dhimas.docx'
2025-11-11 08:14:03.1572555 | Moving 'C:\Users\ASUS\Downloads\Minitab.22.4.0.x64' -> 'C:\Users\ASUS\Downloads\Executables\Minitab.22.4.0.x64'
2025-11-11 08:14:03.1582775 | Moving 'C:\Users\ASUS\Downloads\Praktikum Regresi Linear.pdf' -> 'C:\Users\ASUS\Downloads\Documents\Praktikum Regresi Linear.pdf'
2025-11-11 08:14:03.1627421 | Journal saved with 7 actions. Use TUI to undo.
2025-11-11 08:14:03.1649489 | Execution complete.
2025-11-11 08:20:27.9021023 | --- Organizer v2.0 Started ---
2025-11-11 08:20:27.9064743 | Executable directory: C:\Users\ASUS\Documents\Dhimas\Project\folder-organizer\build\Debug
2025-11-11 08:20:27.9068045 | Current working directory: C:\Users\ASUS\Documents\Dhimas\Project\folder-organizer
2025-11-11 08:20:27.9071505 | Trying config path: C:\Users\ASUS\Documents\Dhimas\Project\folder-organizer\build\Debug\config.json
2025-11-11 08:20:27.9076561 | Found config.json at: C:\Users\ASUS\Documents\Dhimas\Project\folder-organizer\build\Debug\config.json
2025-11-11 08:20:27.9132622 | Configuration loaded successfully from: C:\Users\ASUS\Documents\Dhimas\Project\folder-organizer\build\Debug\config.json
2025-11-11 08:20:27.9690218 | Target directory: C:\Users\ASUS\Downloads
2025-11-11 08:20:27.9695299 | Initializing UI...
2025-11-11 08:20:27.9758432 | Initializing UI components...
2025-11-11 08:20:27.9772891 | Starting UI event loop...
2025-11-11 08:20:29.6755395 | Starting scan...
2025-11-11 08:20:29.6761050 | Scanning directory for items to process...
2025-11-11 08:20:29.6769203 | Found 9 items. Analyzing in parallel...
2025-11-11 08:20:29.6945559 | Warning: A critical low-level error occurred while processing 'C:\Users\ASUS\Downloads\PRTPRO90SP2'. Skipping.
2025-11-11 08:20:29.6951645 | Analysis complete. Found 0 actions.
2025-11-11 08:20:29.6955011 | Scan completed. Found 0 actions.
2025-11-11 08:20:29.7052267 | Updating UI with scan results...
2025-11-11 08:20:29.7057679 | UI updated successfully.
2025-11-11 08:20:40.6624470 | UI event loop exited normally.
2025-11-11 08:20:40.6630291 | --- Organizer Exited Normally ---
