2025-11-09 17:58:03.1081416 | --- Organizer v2.0 Started ---
2025-11-09 17:58:03.1126306 | Executable directory: C:\Users\ASUS\Documents\Dhimas\Project\folder-organizer\build\Debug
2025-11-09 17:58:03.1132585 | Current working directory: C:\Users\ASUS\Documents\Dhimas\Project\folder-organizer\build\Debug
2025-11-09 17:58:03.1137875 | Trying config path: C:\Users\ASUS\Documents\Dhimas\Project\folder-organizer\build\Debug\config.json
2025-11-09 17:58:03.1144952 | Found config.json at: C:\Users\ASUS\Documents\Dhimas\Project\folder-organizer\build\Debug\config.json
2025-11-09 17:58:03.1202724 | Configuration loaded successfully from: C:\Users\ASUS\Documents\Dhimas\Project\folder-organizer\build\Debug\config.json
2025-11-09 17:58:03.1258279 | Target directory: C:\Users\ASUS\Downloads
2025-11-09 17:58:03.1264481 | Initializing UI...
2025-11-09 17:58:03.1329919 | Initializing UI components...
2025-11-09 17:58:03.1378448 | UI components initialized successfully.
2025-11-09 17:58:03.1386371 | Starting UI event loop...
2025-11-09 17:58:05.4127444 | Starting scan...
2025-11-09 17:58:05.4138562 | Scanning directory for items to process...
2025-11-09 17:58:05.4149882 | Found 12 items. Analyzing in parallel...
2025-11-09 18:03:43.1328099 | --- Organizer v2.0 Started ---
2025-11-09 18:03:43.1406787 | Executable directory: C:\Users\ASUS\Documents\Dhimas\Project\folder-organizer\build\Debug
2025-11-09 18:03:43.1412830 | Current working directory: C:\Users\ASUS\Documents\Dhimas\Project\folder-organizer\build\Debug
2025-11-09 18:03:43.1417522 | Trying config path: C:\Users\ASUS\Documents\Dhimas\Project\folder-organizer\build\Debug\config.json
2025-11-09 18:03:43.1424079 | Found config.json at: C:\Users\ASUS\Documents\Dhimas\Project\folder-organizer\build\Debug\config.json
2025-11-09 18:03:43.1506661 | Configuration loaded successfully from: C:\Users\ASUS\Documents\Dhimas\Project\folder-organizer\build\Debug\config.json
2025-11-09 18:03:43.1566875 | Target directory: C:\Users\ASUS\Downloads
2025-11-09 18:03:43.1573689 | Initializing UI...
2025-11-09 18:03:43.1700638 | Initializing UI components...
2025-11-09 18:03:43.1723455 | UI components initialized successfully.
2025-11-09 18:03:43.1735819 | Starting UI event loop...
2025-11-09 18:03:45.5902020 | Starting scan...
2025-11-09 18:03:45.5992105 | Scanning directory for items to process...
2025-11-09 18:03:45.6004740 | Found 12 items. Analyzing in parallel...
2025-11-09 18:11:22.4834169 | --- Organizer v2.0 Started ---
2025-11-09 18:11:22.5003565 | Executable directory: C:\Users\ASUS\Documents\Dhimas\Project\folder-organizer\build\Debug
2025-11-09 18:11:22.5193853 | Current working directory: C:\Users\ASUS\Documents\Dhimas\Project\folder-organizer\build\Debug
2025-11-09 18:11:22.5229690 | Trying config path: C:\Users\ASUS\Documents\Dhimas\Project\folder-organizer\build\Debug\config.json
2025-11-09 18:11:22.5248198 | Found config.json at: C:\Users\ASUS\Documents\Dhimas\Project\folder-organizer\build\Debug\config.json
2025-11-09 18:11:22.5309974 | Configuration loaded successfully from: C:\Users\ASUS\Documents\Dhimas\Project\folder-organizer\build\Debug\config.json
2025-11-09 18:11:22.5394689 | Target directory: C:\Users\ASUS\Downloads
2025-11-09 18:11:22.5429456 | Initializing UI...
2025-11-09 18:11:22.5521187 | Initializing UI components...
2025-11-09 18:11:22.5534853 | UI components initialized successfully.
2025-11-09 18:11:22.5546782 | Starting UI event loop...
2025-11-09 18:11:24.3049253 | Starting scan...
2025-11-09 18:11:24.3106071 | Scanning directory for items to process...
2025-11-09 18:11:24.3159466 | Found 12 items. Analyzing in parallel...
2025-11-09 18:18:38.3939741 | --- Organizer v2.0 Started ---
2025-11-09 18:18:38.4140332 | Executable directory: C:\Users\ASUS\Documents\Dhimas\Project\folder-organizer\build\Debug
2025-11-09 18:18:38.4265395 | Current working directory: C:\Users\ASUS\Documents\Dhimas\Project\folder-organizer\build\Debug
2025-11-09 18:18:38.4314000 | Trying config path: C:\Users\ASUS\Documents\Dhimas\Project\folder-organizer\build\Debug\config.json
2025-11-09 18:18:38.4336234 | Found config.json at: C:\Users\ASUS\Documents\Dhimas\Project\folder-organizer\build\Debug\config.json
2025-11-09 18:18:38.4423758 | Configuration loaded successfully from: C:\Users\ASUS\Documents\Dhimas\Project\folder-organizer\build\Debug\config.json
2025-11-09 18:18:38.4787816 | Target directory: C:\Users\ASUS\Downloads
2025-11-09 18:18:38.4932243 | Initializing UI...
2025-11-09 18:18:38.5008685 | Initializing UI components...
2025-11-09 18:18:38.5024043 | UI components initialized successfully.
2025-11-09 18:18:38.5167677 | Starting UI event loop...
2025-11-09 18:18:40.9467298 | Starting scan...
2025-11-09 18:18:40.9594656 | Scanning directory for items to process...
2025-11-09 18:18:40.9614873 | Found 12 items. Analyzing in parallel...
2025-11-09 18:32:38.2878401 | --- Organizer v2.0 Started ---
2025-11-09 18:32:38.2942439 | Executable directory: C:\Users\ASUS\Documents\Dhimas\Project\folder-organizer\build\Debug
2025-11-09 18:32:38.2948759 | Current working directory: C:\Users\ASUS\Documents\Dhimas\Project\folder-organizer\build\Debug
2025-11-09 18:32:38.2954140 | Trying config path: C:\Users\ASUS\Documents\Dhimas\Project\folder-organizer\build\Debug\config.json
2025-11-09 18:32:38.2962782 | Found config.json at: C:\Users\ASUS\Documents\Dhimas\Project\folder-organizer\build\Debug\config.json
2025-11-09 18:32:38.3025592 | Configuration loaded successfully from: C:\Users\ASUS\Documents\Dhimas\Project\folder-organizer\build\Debug\config.json
2025-11-09 18:32:38.3150019 | Target directory: C:\Users\ASUS\Downloads
2025-11-09 18:32:38.3174133 | Initializing UI...
2025-11-09 18:32:38.3242573 | Initializing UI components...
2025-11-09 18:32:38.3254183 | UI components initialized successfully.
2025-11-09 18:32:38.3269743 | Starting UI event loop...
2025-11-09 18:32:40.8164175 | Starting scan...
2025-11-09 18:32:40.8182196 | Scanning directory for items to process...
2025-11-09 18:32:40.8201582 | Found 12 items. Analyzing in parallel...
2025-11-10 00:03:28.6583726 | --- Organizer v2.0 Started ---
2025-11-10 00:03:28.6655258 | Executable directory: C:\Users\ASUS\Documents\Dhimas\Project\folder-organizer\build\Debug
2025-11-10 00:03:28.6661665 | Current working directory: C:\Users\ASUS\Documents\Dhimas\Project\folder-organizer\build\Debug
2025-11-10 00:03:28.6666799 | Trying config path: C:\Users\ASUS\Documents\Dhimas\Project\folder-organizer\build\Debug\config.json
2025-11-10 00:03:28.6677950 | Found config.json at: C:\Users\ASUS\Documents\Dhimas\Project\folder-organizer\build\Debug\config.json
2025-11-10 00:03:28.6736318 | Configuration loaded successfully from: C:\Users\ASUS\Documents\Dhimas\Project\folder-organizer\build\Debug\config.json
2025-11-10 00:03:28.6812505 | Target directory: C:\Users\ASUS\Downloads
2025-11-10 00:03:28.6819060 | Initializing UI...
2025-11-10 00:03:28.6879099 | Initializing UI components...
2025-11-10 00:03:28.6930949 | UI components initialized successfully.
2025-11-10 00:03:28.6945246 | Starting UI event loop...
2025-11-10 00:03:30.8973262 | Starting scan...
2025-11-10 00:03:30.8986901 | Scanning directory for items to process...
2025-11-10 00:03:30.9044924 | Found 12 items. Analyzing in parallel...
2025-11-10 00:03:30.9606731 | Non-critical Exiv2 error reading 'C:\Users\ASUS\Downloads\Bab 6 AI Tugas 01 Simulasi Regresi Linier.pdf': C:\Users\ASUS\Downloads\Bab 6 AI Tugas 01 Simulasi Regresi Linier.pdf: The file contains data of an unknown image type
2025-11-10 00:03:30.9647028 | Non-critical Exiv2 error reading 'C:\Users\ASUS\Downloads\ex1.pdf': C:\Users\ASUS\Downloads\ex1.pdf: The file contains data of an unknown image type
2025-11-10 00:20:13.7216466 | --- Organizer v2.0 Started ---
2025-11-10 00:20:13.7279987 | Executable directory: C:\Users\ASUS\Documents\Dhimas\Project\folder-organizer\build\Debug
2025-11-10 00:20:13.7284862 | Current working directory: C:\Users\ASUS\Documents\Dhimas\Project\folder-organizer\build\Debug
2025-11-10 00:20:13.7289459 | Trying config path: C:\Users\ASUS\Documents\Dhimas\Project\folder-organizer\build\Debug\config.json
2025-11-10 00:20:13.7296085 | Found config.json at: C:\Users\ASUS\Documents\Dhimas\Project\folder-organizer\build\Debug\config.json
2025-11-10 00:20:13.7353173 | Configuration loaded successfully from: C:\Users\ASUS\Documents\Dhimas\Project\folder-organizer\build\Debug\config.json
2025-11-10 00:20:13.7466685 | Target directory: C:\Users\ASUS\Downloads
2025-11-10 00:20:13.7473163 | Initializing UI...
2025-11-10 00:20:13.7544280 | Initializing UI components...
2025-11-10 00:20:13.7553885 | UI components initialized successfully.
2025-11-10 00:20:13.7562517 | Starting UI event loop...
2025-11-10 00:20:15.0196136 | Starting scan...
2025-11-10 00:20:15.0240023 | Scanning directory for items to process...
2025-11-10 00:20:15.0289063 | Found 12 items. Analyzing in parallel...
2025-11-10 00:20:15.0805357 | Non-critical Exiv2 error reading 'C:\Users\ASUS\Downloads\Bab 6 AI Tugas 01 Simulasi Regresi Linier.pdf': C:\Users\ASUS\Downloads\Bab 6 AI Tugas 01 Simulasi Regresi Linier.pdf: The file contains data of an unknown image type
2025-11-10 00:20:15.0855662 | Non-critical Exiv2 error reading 'C:\Users\ASUS\Downloads\ex1.pdf': C:\Users\ASUS\Downloads\ex1.pdf: The file contains data of an unknown image type
2025-11-10 00:32:26.8371115 | --- Organizer v2.0 Started ---
2025-11-10 00:32:26.8487971 | Executable directory: C:\Users\ASUS\Documents\Dhimas\Project\folder-organizer\build\Debug
2025-11-10 00:32:26.8514644 | Current working directory: C:\Users\ASUS\Documents\Dhimas\Project\folder-organizer\build\Debug
2025-11-10 00:32:26.8530129 | Trying config path: C:\Users\ASUS\Documents\Dhimas\Project\folder-organizer\build\Debug\config.json
2025-11-10 00:32:26.8540267 | Found config.json at: C:\Users\ASUS\Documents\Dhimas\Project\folder-organizer\build\Debug\config.json
2025-11-10 00:32:26.8595318 | Configuration loaded successfully from: C:\Users\ASUS\Documents\Dhimas\Project\folder-organizer\build\Debug\config.json
2025-11-10 00:32:26.8655943 | Target directory: C:\Users\ASUS\Downloads
2025-11-10 00:32:26.8672444 | Initializing UI...
2025-11-10 00:32:26.8730285 | Initializing UI components...
2025-11-10 00:32:26.8735897 | UI components initialized successfully.
2025-11-10 00:32:26.8752655 | Starting UI event loop...
2025-11-10 00:32:27.8904403 | Starting scan...
2025-11-10 00:32:27.8948022 | Scanning directory for items to process...
2025-11-10 00:32:27.8959801 | Found 12 items. Analyzing in parallel...
2025-11-10 00:32:27.9422220 | Non-critical Exiv2 error reading 'C:\Users\ASUS\Downloads\Bab 6 AI Tugas 01 Simulasi Regresi Linier.pdf': C:\Users\ASUS\Downloads\Bab 6 AI Tugas 01 Simulasi Regresi Linier.pdf: The file contains data of an unknown image type
2025-11-10 00:32:27.9477604 | Non-critical Exiv2 error reading 'C:\Users\ASUS\Downloads\ex1.pdf': C:\Users\ASUS\Downloads\ex1.pdf: The file contains data of an unknown image type
2025-11-11 06:27:18.9399163 | --- Organizer v2.0 Started ---
2025-11-11 06:27:18.9423674 | Executable directory: C:\Users\ASUS\Documents\Dhimas\Project\folder-organizer\build\Debug
2025-11-11 06:27:18.9426849 | Current working directory: C:\Users\ASUS\Documents\Dhimas\Project\folder-organizer\build\Debug
2025-11-11 06:27:18.9429767 | Trying config path: C:\Users\ASUS\Documents\Dhimas\Project\folder-organizer\build\Debug\config.json
2025-11-11 06:27:18.9433938 | Found config.json at: C:\Users\ASUS\Documents\Dhimas\Project\folder-organizer\build\Debug\config.json
2025-11-11 06:27:18.9951411 | Configuration loaded successfully from: C:\Users\ASUS\Documents\Dhimas\Project\folder-organizer\build\Debug\config.json
2025-11-11 06:27:19.0047005 | Target directory: C:\Users\ASUS\Downloads
2025-11-11 06:27:19.0051541 | Initializing UI...
2025-11-11 06:27:19.0144078 | Initializing UI components...
2025-11-11 06:27:19.0157197 | Starting UI event loop...
2025-11-11 06:27:21.3151464 | Starting scan...
2025-11-11 06:27:21.3158068 | Scanning directory for items to process...
2025-11-11 06:27:21.3212933 | Found 14 items. Analyzing in parallel...
2025-11-11 06:27:21.4302070 | Non-critical Exiv2 error reading 'C:\Users\ASUS\Downloads\Bab 6 AI Tugas 01 Simulasi Regresi Linier.pdf': C:\Users\ASUS\Downloads\Bab 6 AI Tugas 01 Simulasi Regresi Linier.pdf: The file contains data of an unknown image type
2025-11-11 06:27:21.4758783 | Non-critical Exiv2 error reading 'C:\Users\ASUS\Downloads\ex1.pdf': C:\Users\ASUS\Downloads\ex1.pdf: The file contains data of an unknown image type
2025-11-11 06:27:21.5298575 | Non-critical Exiv2 error reading 'C:\Users\ASUS\Downloads\Laporan_QPSK_Proteus_Dhimas.docx': C:\Users\ASUS\Downloads\Laporan_QPSK_Proteus_Dhimas.docx: The file contains data of an unknown image type
2025-11-11 06:27:21.5692487 | Non-critical Exiv2 error reading 'C:\Users\ASUS\Downloads\Praktikum Regresi Linear.pdf': C:\Users\ASUS\Downloads\Praktikum Regresi Linear.pdf: The file contains data of an unknown image type
2025-11-11 06:42:43.3397859 | --- Organizer v2.0 Started ---
2025-11-11 06:42:43.3425120 | Executable directory: C:\Users\ASUS\Documents\Dhimas\Project\folder-organizer\build\Debug
2025-11-11 06:42:43.3428614 | Current working directory: C:\Users\ASUS\Documents\Dhimas\Project\folder-organizer\build\Debug
2025-11-11 06:42:43.3431902 | Trying config path: C:\Users\ASUS\Documents\Dhimas\Project\folder-organizer\build\Debug\config.json
2025-11-11 06:42:43.3437491 | Found config.json at: C:\Users\ASUS\Documents\Dhimas\Project\folder-organizer\build\Debug\config.json
2025-11-11 06:42:43.3482549 | Configuration loaded successfully from: C:\Users\ASUS\Documents\Dhimas\Project\folder-organizer\build\Debug\config.json
2025-11-11 06:42:43.3549019 | Target directory: C:\Users\ASUS\Downloads
2025-11-11 06:42:43.3553372 | Initializing UI...
2025-11-11 06:42:43.4499064 | Initializing UI components...
2025-11-11 06:42:43.4543272 | Starting UI event loop...
2025-11-11 06:42:45.9400813 | Starting scan...
2025-11-11 06:42:45.9407325 | Scanning directory for items to process...
2025-11-11 06:42:45.9459463 | Found 14 items. Analyzing in parallel...
2025-11-11 06:42:45.9872163 | Non-critical Exiv2 error reading 'C:\Users\ASUS\Downloads\Bab 6 AI Tugas 01 Simulasi Regresi Linier.pdf': C:\Users\ASUS\Downloads\Bab 6 AI Tugas 01 Simulasi Regresi Linier.pdf: The file contains data of an unknown image type
2025-11-11 06:42:45.9909977 | Non-critical Exiv2 error reading 'C:\Users\ASUS\Downloads\ex1.pdf': C:\Users\ASUS\Downloads\ex1.pdf: The file contains data of an unknown image type
2025-11-11 06:42:45.9935619 | Non-critical Exiv2 error reading 'C:\Users\ASUS\Downloads\Laporan_QPSK_Proteus_Dhimas.docx': C:\Users\ASUS\Downloads\Laporan_QPSK_Proteus_Dhimas.docx: The file contains data of an unknown image type
2025-11-11 06:42:45.9969874 | Non-critical Exiv2 error reading 'C:\Users\ASUS\Downloads\Praktikum Regresi Linear.pdf': C:\Users\ASUS\Downloads\Praktikum Regresi Linear.pdf: The file contains data of an unknown image type
2025-11-11 07:01:44.2671590 | --- Organizer v2.0 Started ---
2025-11-11 07:01:44.2705709 | Executable directory: C:\Users\ASUS\Documents\Dhimas\Project\folder-organizer\build\Debug
2025-11-11 07:01:44.2709030 | Current working directory: C:\Users\ASUS\Documents\Dhimas\Project\folder-organizer\build\Debug
2025-11-11 07:01:44.2711943 | Trying config path: C:\Users\ASUS\Documents\Dhimas\Project\folder-organizer\build\Debug\config.json
2025-11-11 07:01:44.2716211 | Found config.json at: C:\Users\ASUS\Documents\Dhimas\Project\folder-organizer\build\Debug\config.json
2025-11-11 07:01:44.2764943 | Configuration loaded successfully from: C:\Users\ASUS\Documents\Dhimas\Project\folder-organizer\build\Debug\config.json
2025-11-11 07:01:44.2841916 | Target directory: C:\Users\ASUS\Downloads
2025-11-11 07:01:44.2846929 | Initializing UI...
2025-11-11 07:01:44.2970607 | Initializing UI components...
2025-11-11 07:01:44.2983423 | Starting UI event loop...
2025-11-11 07:01:46.3340150 | Starting scan...
2025-11-11 07:01:46.3346278 | Scanning directory for items to process...
2025-11-11 07:01:46.3433329 | Found 14 items. Analyzing in parallel...
2025-11-11 07:08:58.3169694 | --- Organizer v2.0 Started ---
2025-11-11 07:08:58.3212439 | Executable directory: C:\Users\ASUS\Documents\Dhimas\Project\folder-organizer\build\Debug
2025-11-11 07:08:58.3216007 | Current working directory: C:\Users\ASUS\Documents\Dhimas\Project\folder-organizer\build\Debug
2025-11-11 07:08:58.3219115 | Trying config path: C:\Users\ASUS\Documents\Dhimas\Project\folder-organizer\build\Debug\config.json
2025-11-11 07:08:58.3222796 | Found config.json at: C:\Users\ASUS\Documents\Dhimas\Project\folder-organizer\build\Debug\config.json
2025-11-11 07:08:58.3269483 | Configuration loaded successfully from: C:\Users\ASUS\Documents\Dhimas\Project\folder-organizer\build\Debug\config.json
2025-11-11 07:08:58.3329722 | Target directory: C:\Users\ASUS\Downloads
2025-11-11 07:08:58.3334271 | Initializing UI...
2025-11-11 07:08:58.3392651 | Initializing UI components...
2025-11-11 07:08:58.3405346 | Starting UI event loop...
2025-11-11 07:09:02.9621575 | Starting scan...
2025-11-11 07:09:02.9663194 | Scanning directory for items to process...
2025-11-11 07:09:02.9673850 | Found 14 items. Analyzing in parallel...
2025-11-11 08:35:52.5541276 | --- Organizer v2.0 Started ---
2025-11-11 08:35:52.5580262 | Executable directory: C:\Users\ASUS\Documents\Dhimas\Project\folder-organizer\build\Debug
2025-11-11 08:35:52.5583663 | Current working directory: C:\Users\ASUS\Documents\Dhimas\Project\folder-organizer\build\Debug
2025-11-11 08:35:52.5586578 | Trying config path: C:\Users\ASUS\Documents\Dhimas\Project\folder-organizer\build\Debug\config.json
2025-11-11 08:35:52.5590951 | Found config.json at: C:\Users\ASUS\Documents\Dhimas\Project\folder-organizer\build\Debug\config.json
2025-11-11 08:35:52.6659527 | Configuration loaded successfully from: C:\Users\ASUS\Documents\Dhimas\Project\folder-organizer\build\Debug\config.json
2025-11-11 08:35:52.6775706 | Target directory: C:\Users\ASUS\Downloads
2025-11-11 08:35:52.6780101 | Initializing UI...
2025-11-11 08:35:52.6864425 | Initializing UI components...
2025-11-11 08:35:52.6876131 | Starting UI event loop...
2025-11-11 08:35:55.0456711 | Starting scan...
2025-11-11 08:35:55.0463167 | Scanning directory for items to process...
2025-11-11 08:35:55.0508599 | Found 9 items. Analyzing in parallel...
2025-11-11 08:35:55.0591017 | Warning: A critical low-level error occurred while processing 'C:\Users\ASUS\Downloads\PRTPRO90SP2'. Skipping.
2025-11-11 08:35:55.0596341 | Analysis complete. Found 1 actions.
2025-11-11 08:35:55.0599552 | Scan completed. Found 1 actions.
2025-11-11 08:35:55.0642540 | Updating UI with scan results...
2025-11-11 08:35:55.0646648 | UI updated successfully.
2025-11-11 08:36:03.0124522 | Starting scan...
2025-11-11 08:36:03.0130474 | Scanning directory for items to process...
2025-11-11 08:36:03.0177158 | Found 9 items. Analyzing in parallel...
2025-11-11 08:36:03.0231800 | Warning: A critical low-level error occurred while processing 'C:\Users\ASUS\Downloads\PRTPRO90SP2'. Skipping.
2025-11-11 08:36:03.0236727 | Analysis complete. Found 1 actions.
2025-11-11 08:36:03.0240184 | Scan completed. Found 1 actions.
2025-11-11 08:36:03.0307803 | Updating UI with scan results...
2025-11-11 08:36:03.0312676 | UI updated successfully.
2025-11-11 08:36:09.9956664 | Executing plan...
2025-11-11 08:36:09.9967531 | Moving 'C:\Users\ASUS\Downloads\Atomic web' -> 'C:\Users\ASUS\Downloads\Projects\Atomic web'
2025-11-11 08:36:10.0085270 | Journal saved with 1 actions. Use TUI to undo.
2025-11-11 08:36:10.0093082 | Execution complete.
2025-11-11 08:44:33.5565725 | --- Organizer v2.0 Started ---
2025-11-11 08:44:33.5582563 | Executable directory: C:\Users\ASUS\Documents\Dhimas\Project\folder-organizer\build\Debug
2025-11-11 08:44:33.5585507 | Current working directory: C:\Users\ASUS\Documents\Dhimas\Project\folder-organizer\build\Debug
2025-11-11 08:44:33.5589516 | Trying config path: C:\Users\ASUS\Documents\Dhimas\Project\folder-organizer\build\Debug\config.json
2025-11-11 08:44:33.5593418 | Found config.json at: C:\Users\ASUS\Documents\Dhimas\Project\folder-organizer\build\Debug\config.json
2025-11-11 08:44:33.6290178 | Configuration loaded successfully from: C:\Users\ASUS\Documents\Dhimas\Project\folder-organizer\build\Debug\config.json
2025-11-11 08:44:33.6374485 | Target directory: C:\Users\ASUS\Downloads
2025-11-11 08:44:33.6378777 | Initializing UI...
2025-11-11 08:44:33.6441598 | Initializing UI components...
2025-11-11 08:44:33.6449652 | Starting UI event loop...
2025-11-11 08:44:35.8741187 | Starting scan...
2025-11-11 08:44:35.8747493 | Scanning directory for items to process...
2025-11-11 08:44:35.8793922 | Found 14 items. Analyzing in parallel...
2025-11-11 08:44:35.8845351 | Warning: A critical low-level error occurred while processing 'C:\Users\ASUS\Downloads\PRTPRO90SP2'. Skipping.
2025-11-11 08:44:35.8853806 | Analysis complete. Found 6 actions.
2025-11-11 08:44:35.8859681 | Scan completed. Found 6 actions.
2025-11-11 08:44:35.8922254 | Updating UI with scan results...
2025-11-11 08:44:35.8927959 | UI updated successfully.
2025-11-11 08:48:38.8410488 | --- Organizer v2.0 Started ---
2025-11-11 08:48:38.8434299 | Executable directory: C:\Users\ASUS\Documents\Dhimas\Project\folder-organizer\build\Debug
2025-11-11 08:48:38.8437663 | Current working directory: C:\Users\ASUS\Documents\Dhimas\Project\folder-organizer\build\Debug
2025-11-11 08:48:38.8441437 | Trying config path: C:\Users\ASUS\Documents\Dhimas\Project\folder-organizer\build\Debug\config.json
2025-11-11 08:48:38.8463992 | Found config.json at: C:\Users\ASUS\Documents\Dhimas\Project\folder-organizer\build\Debug\config.json
2025-11-11 08:48:38.8517405 | Configuration loaded successfully from: C:\Users\ASUS\Documents\Dhimas\Project\folder-organizer\build\Debug\config.json
2025-11-11 08:48:38.8577905 | Target directory: C:\Users\ASUS\Downloads
2025-11-11 08:48:38.8582115 | Initializing UI...
2025-11-11 08:48:38.8755151 | Initializing UI components...
2025-11-11 08:48:38.8763294 | Starting UI event loop...
2025-11-11 08:48:40.9922016 | Starting scan...
2025-11-11 08:48:40.9928609 | Scanning directory for items to process...
2025-11-11 08:48:40.9974852 | Found 14 items. Analyzing in parallel...
2025-11-11 08:48:41.0071703 | Warning: A critical low-level error occurred while processing 'C:\Users\ASUS\Downloads\PRTPRO90SP2'. Skipping.
2025-11-11 08:48:41.0078998 | Analysis complete. Found 6 actions.
2025-11-11 08:48:41.0082456 | Scan completed. Found 6 actions.
2025-11-11 08:48:41.0094629 | Updating UI with scan results...
2025-11-11 08:48:41.0100390 | UI updated successfully.
2025-11-11 08:48:57.6029024 | Executing plan...
2025-11-11 08:48:57.6041035 | Moving 'C:\Users\ASUS\Downloads\bearssl-0.6.tar.gz' -> 'C:\Users\ASUS\Downloads\Archives\bearssl-0.6.tar.gz'
2025-11-11 08:48:57.6084359 | Moving 'C:\Users\ASUS\Downloads\CH341SER.EXE' -> 'C:\Users\ASUS\Downloads\Executables\CH341SER.EXE'
2025-11-11 08:48:57.6113511 | Moving 'C:\Users\ASUS\Downloads\python-manager-25.0.msix' -> 'C:\Users\ASUS\Downloads\Executables\python-manager-25.0.msix'
2025-11-11 08:48:57.6125465 | Moving 'C:\Users\ASUS\Downloads\version.dll' -> 'C:\Users\ASUS\Downloads\Executables\version.dll'
2025-11-11 08:48:57.6140428 | [DIR] Creating directory: 'C:\Users\ASUS\Downloads\Disk Images'
2025-11-11 08:48:57.6155720 | Moving 'C:\Users\ASUS\Downloads\sensor_2025-10-14_to_2025-10-17.xlsx' -> 'C:\Users\ASUS\Downloads\Documents\sensor_2025-10-14_to_2025-10-17.xlsx'
2025-11-11 08:48:57.6462715 | Moving 'C:\Users\ASUS\Downloads\lubuntu-24.04.3-desktop-amd64.iso' -> 'C:\Users\ASUS\Downloads\Disk Images\lubuntu-24.04.3-desktop-amd64.iso'
2025-11-11 08:48:57.6567619 | Journal saved with 6 actions. Use TUI to undo.
2025-11-11 08:48:57.6575102 | Execution complete.
2025-11-11 08:56:33.4815392 | --- Organizer v2.0 Started ---
2025-11-11 08:56:33.4838908 | Executable directory: C:\Users\ASUS\Documents\Dhimas\Project\folder-organizer\build\Debug
2025-11-11 08:56:33.4841918 | Current working directory: C:\Users\ASUS\Documents\Dhimas\Project\folder-organizer\build\Debug
2025-11-11 08:56:33.4846051 | Trying config path: C:\Users\ASUS\Documents\Dhimas\Project\folder-organizer\build\Debug\config.json
2025-11-11 08:56:33.4850175 | Found config.json at: C:\Users\ASUS\Documents\Dhimas\Project\folder-organizer\build\Debug\config.json
2025-11-11 08:56:33.4897809 | Configuration loaded successfully from: C:\Users\ASUS\Documents\Dhimas\Project\folder-organizer\build\Debug\config.json
2025-11-11 08:56:33.4958375 | Target directory: C:\Users\ASUS\Downloads
2025-11-11 08:56:33.4963001 | Initializing UI...
2025-11-11 08:56:33.5419272 | Initializing UI components...
2025-11-11 08:56:33.5448055 | Starting UI event loop...
2025-11-11 08:56:49.9213927 | Starting scan...
2025-11-11 08:56:49.9261079 | Scanning directory for items to process...
2025-11-11 08:56:49.9272460 | Found 9 items. Analyzing in parallel...
2025-11-11 08:56:49.9371999 | Warning: A critical low-level error occurred while processing 'C:\Users\ASUS\Downloads\PRTPRO90SP2'. Skipping.
2025-11-11 08:56:49.9377982 | Analysis complete. Found 0 actions.
2025-11-11 08:56:49.9381339 | Scan completed. Found 0 actions.
2025-11-11 08:56:49.9394973 | Updating UI with scan results...
2025-11-11 08:56:49.9397954 | UI updated successfully.
2025-11-11 08:57:11.7077070 | Starting scan...
2025-11-11 08:57:11.7083082 | Scanning directory for items to process...
2025-11-11 08:57:11.7129316 | Found 9 items. Analyzing in parallel...
2025-11-11 08:57:11.7166668 | Warning: A critical low-level error occurred while processing 'C:\Users\ASUS\Downloads\PRTPRO90SP2'. Skipping.
2025-11-11 08:57:11.7173465 | Analysis complete. Found 0 actions.
2025-11-11 08:57:11.7178386 | Scan completed. Found 0 actions.
2025-11-11 08:57:11.7258389 | Updating UI with scan results...
2025-11-11 08:57:11.7262867 | UI updated successfully.
2025-11-14 03:20:49.8938611 | --- Organizer v2.0 Started ---
2025-11-14 03:20:49.8967072 | Executable directory: C:\Users\ASUS\Documents\Dhimas\Project\folder-organizer\build\Debug
2025-11-14 03:20:49.8970906 | Current working directory: C:\Users\ASUS\Documents\Dhimas\Project\folder-organizer\build\Debug
2025-11-14 03:20:49.8976840 | Trying config path: C:\Users\ASUS\Documents\Dhimas\Project\folder-organizer\build\Debug\config.json
2025-11-14 03:20:49.8983033 | Found config.json at: C:\Users\ASUS\Documents\Dhimas\Project\folder-organizer\build\Debug\config.json
2025-11-14 03:20:50.0096684 | Configuration loaded successfully from: C:\Users\ASUS\Documents\Dhimas\Project\folder-organizer\build\Debug\config.json
2025-11-14 03:20:50.0193397 | Target directory: C:\Users\ASUS\Downloads
2025-11-14 03:20:50.0197818 | Initializing UI...
2025-11-14 03:20:50.1039148 | Initializing UI components...
2025-11-14 03:20:50.1049001 | Starting UI event loop...
2025-11-14 03:20:53.7273805 | Starting scan...
2025-11-14 03:20:53.7279139 | Scanning directory for items to process...
2025-11-14 03:20:53.7286969 | Found 9 items. Analyzing...
2025-11-14 03:20:53.7371832 | Warning: A critical low-level error occurred while processing 'C:\Users\ASUS\Downloads\PRTPRO90SP2'. Skipping.
2025-11-14 03:20:53.7376318 | Analysis complete. Found 0 actions.
2025-11-14 03:20:53.7379717 | Scan completed. Found 0 actions.
2025-11-14 03:20:53.7421423 | Updating UI with scan results...
2025-11-14 03:20:53.7425649 | UI updated successfully.
2025-11-14 03:20:59.8438984 | Quit requested. Stopping worker threads...
2025-11-14 03:20:59.8753118 | UI event loop exited. Waiting for threads to join...
2025-11-14 03:20:59.8757671 | All threads joined. Exiting.
2025-11-14 03:20:59.8760518 | --- Organizer Exited Normally ---
