2025-11-11 07:35:12.2456660 | --- Organizer v2.0 Started ---
2025-11-11 07:35:12.2600340 | Executable directory: C:\Users\ASUS\Documents\Dhimas\Project\folder-organizer\build\Debug
2025-11-11 07:35:12.2605302 | Current working directory: C:\Users\ASUS\Documents\Dhimas\Project\folder-organizer\.vscode
2025-11-11 07:35:12.2609030 | Trying config path: C:\Users\ASUS\Documents\Dhimas\Project\folder-organizer\build\Debug\config.json
2025-11-11 07:35:12.2612996 | Found config.json at: C:\Users\ASUS\Documents\Dhimas\Project\folder-organizer\build\Debug\config.json
2025-11-11 07:35:12.2678727 | Configuration loaded successfully from: C:\Users\ASUS\Documents\Dhimas\Project\folder-organizer\build\Debug\config.json
2025-11-11 07:35:12.3190250 | Target directory: C:\Users\ASUS\Downloads
2025-11-11 07:35:12.3198150 | Initializing UI...
2025-11-11 07:35:12.3271511 | Initializing UI components...
2025-11-11 07:35:12.3282796 | Starting UI event loop...
2025-11-11 07:35:14.1892550 | Starting scan...
2025-11-11 07:35:14.1898278 | Scanning directory for items to process...
2025-11-11 07:35:14.1908243 | Found 14 items. Analyzing in parallel...
2025-11-11 10:03:45.2040679 | --- Organizer v2.0 Started ---
2025-11-11 10:03:45.2049547 | Executable directory: C:\Users\ASUS\Documents\Dhimas\Project\folder-organizer\build\Release
2025-11-11 10:03:45.2050454 | Current working directory: C:\Users\ASUS\Documents\Dhimas\Project\folder-organizer\.vscode
2025-11-11 10:03:45.2051154 | Trying config path: C:\Users\ASUS\Documents\Dhimas\Project\folder-organizer\build\Release\config.json
2025-11-11 10:03:45.2053482 | Found config.json at: C:\Users\ASUS\Documents\Dhimas\Project\folder-organizer\build\Release\config.json
2025-11-11 10:03:45.2063923 | Configuration loaded successfully from: C:\Users\ASUS\Documents\Dhimas\Project\folder-organizer\build\Release\config.json
2025-11-11 10:03:45.2376495 | Target directory: C:\Users\ASUS\Downloads
2025-11-11 10:03:45.2378286 | Initializing UI...
2025-11-11 10:03:45.2454937 | Initializing UI components...
2025-11-11 10:03:45.2457783 | Starting UI event loop...
2025-11-11 10:03:46.3490931 | Starting scan...
2025-11-11 10:03:46.3493156 | Scanning directory for items to process...
2025-11-11 10:03:46.3498346 | Found 9 items. Analyzing in parallel...
2025-11-11 10:03:46.3580765 | Warning: Filesystem error processing '': directory_iterator::directory_iterator: The system cannot find the file specified.: "". Skipping.
2025-11-11 10:03:46.3585614 | Analysis complete. Found 0 actions.
2025-11-11 10:03:46.3586254 | Scan completed. Found 0 actions.
2025-11-11 10:03:46.3605379 | Updating UI with scan results...
2025-11-11 10:03:46.3612111 | UI updated successfully.
2025-11-13 02:51:02.4838530 | Scanning directory for items to process...
2025-11-13 02:51:02.4852732 | Found 1 items. Analyzing in parallel...
2025-11-13 02:51:02.4854824 | Analysis complete. Found 1 actions.
